<?xml version="1.0" encoding="UTF-8"?>
<!-- Generated by org.testng.reporters.JUnitXMLReporter -->
<testsuite ignored="0" hostname="DESKTOP-KM65R0V" failures="1" tests="1" name="Test" time="13.949" errors="0" timestamp="2024-09-10T21:57:36 CEST">
  <testcase classname="com.todos.tests.AddTodoTest" name="iCanAddTodo" time="6.366">
    <failure type="java.lang.AssertionError" message="expected [true] but found [false]">
      <![CDATA[java.lang.AssertionError: expected [true] but found [false]
at com.todos.tests.AddTodoTest.iCanAddTodo(AddTodoTest.java:37)
at java.base/java.util.ArrayList.forEach(ArrayList.java:1597)
... Removed 29 stack frames]]>
    </failure>
  </testcase> <!-- iCanAddTodo -->
</testsuite> <!-- Test -->
